\BOOKMARK [0][-]{titulo.0}{\376\377\000P\000\341\000g\000i\000n\000a\000\040\000d\000e\000\040\000T\000\355\000t\000u\000l\000o}{}% 1
\BOOKMARK [0][-]{Indices.0}{\376\377\000\315\000n\000d\000i\000c\000e\000s}{}% 2
\BOOKMARK [1][-]{Indice general.1}{\376\377\000\315\000n\000d\000i\000c\000e\000\040\000g\000e\000n\000e\000r\000a\000l}{Indices.0}% 3
\BOOKMARK [1][-]{indice de cuadros.1}{\376\377\000\315\000n\000d\000i\000c\000e\000\040\000d\000e\000\040\000c\000u\000a\000d\000r\000o\000s}{Indices.0}% 4
\BOOKMARK [1][-]{indice de tablas.1}{\376\377\000\315\000n\000d\000i\000c\000e\000\040\000d\000e\000\040\000t\000a\000b\000l\000a\000s}{Indices.0}% 5
\BOOKMARK [1][-]{indice de figuras.1}{\376\377\000\315\000n\000d\000i\000c\000e\000\040\000d\000e\000\040\000f\000i\000g\000u\000r\000a\000s}{Indices.0}% 6
\BOOKMARK [1][-]{indice de ilustraciones.1}{\376\377\000\315\000n\000d\000i\000c\000e\000\040\000d\000e\000\040\000i\000l\000u\000s\000t\000r\000a\000c\000i\000o\000n\000e\000s}{Indices.0}% 7
\BOOKMARK [1][-]{indice de anexos.1}{\376\377\000\315\000n\000d\000i\000c\000e\000\040\000d\000e\000\040\000a\000n\000e\000x\000o\000s}{Indices.0}% 8
\BOOKMARK [0][-]{chapter.0}{\376\377\000I\000N\000T\000R\000O\000D\000U\000C\000C\000I\000\323\000N}{}% 9
\BOOKMARK [1][-]{section.0.1}{\376\377\000A\000n\000t\000e\000c\000e\000d\000e\000n\000t\000e\000s\000\040\000d\000e\000l\000\040\000p\000r\000o\000b\000l\000e\000m\000a}{chapter.0}% 10
\BOOKMARK [1][-]{section.0.2}{\376\377\000F\000o\000r\000m\000u\000l\000a\000c\000i\000\363\000n\000\040\000d\000e\000l\000\040\000p\000r\000o\000b\000l\000e\000m\000a}{chapter.0}% 11
\BOOKMARK [2][-]{subsection.0.2.1}{\376\377\000O\000b\000j\000e\000t\000o\000\040\000d\000e\000\040\000e\000s\000t\000u\000d\000i\000o}{section.0.2}% 12
\BOOKMARK [2][-]{subsection.0.2.2}{\376\377\000C\000a\000m\000p\000o\000\040\000d\000e\000\040\000a\000c\000c\000i\000\363\000n}{section.0.2}% 13
\BOOKMARK [1][-]{section.0.3}{\376\377\000O\000b\000j\000e\000t\000i\000v\000o\000s\000\040\000d\000e\000\040\000l\000a\000\040\000i\000n\000v\000e\000s\000t\000i\000g\000a\000c\000i\000\363\000n}{chapter.0}% 14
\BOOKMARK [2][-]{subsection.0.3.1}{\376\377\000O\000b\000j\000e\000t\000i\000v\000o\000\040\000g\000e\000n\000e\000r\000a\000l}{section.0.3}% 15
\BOOKMARK [2][-]{subsection.0.3.2}{\376\377\000O\000b\000j\000e\000t\000i\000v\000o\000s\000\040\000e\000s\000p\000e\000c\000\355\000f\000i\000c\000o\000s}{section.0.3}% 16
\BOOKMARK [1][-]{section.0.4}{\376\377\000J\000u\000s\000t\000i\000f\000i\000c\000a\000c\000i\000\363\000n\000\040\000d\000e\000\040\000l\000a\000\040\000i\000n\000v\000e\000s\000t\000i\000g\000a\000c\000i\000\363\000n\000\040}{chapter.0}% 17
\BOOKMARK [1][-]{section.0.5}{\376\377\000F\000o\000r\000m\000u\000l\000a\000c\000i\000\363\000n\000\040\000d\000e\000\040\000l\000a\000\040\000c\000o\000n\000s\000t\000r\000u\000c\000c\000i\000\363\000n\000\040\000t\000e\000\363\000r\000i\000c\000a\000.\000\040\000H\000i\000p\000\363\000t\000e\000s\000i\000s\000\040\000p\000a\000r\000a\000\040\000D\000e\000f\000e\000n\000d\000e\000r\000.}{chapter.0}% 18
\BOOKMARK [2][-]{subsection.0.5.1}{\376\377\000I\000d\000e\000n\000t\000i\000f\000i\000c\000a\000c\000i\000\363\000n\000\040\000d\000e\000\040\000l\000a\000s\000\040\000v\000a\000r\000i\000a\000b\000l\000e\000s}{section.0.5}% 19
\BOOKMARK [0][-]{chapter.1}{\376\377\000R\000E\000F\000E\000R\000E\000N\000T\000E\000S\000\040\000T\000E\000\323\000R\000I\000C\000O\000S}{}% 20
\BOOKMARK [1][-]{section.1.1}{\376\377\000R\000e\000f\000e\000r\000e\000n\000c\000i\000a\000\040\000a\000\040\000n\000\372\000c\000l\000e\000o\000s\000\040\000t\000e\000\363\000r\000i\000c\000o\000s\000\040\000a\000\040\000d\000e\000s\000a\000r\000r\000o\000l\000l\000a\000r\000\040\000e\000n\000\040\000l\000a\000\040\000i\000n\000v\000e\000s\000t\000i\000g\000a\000c\000i\000\363\000n\000\040}{chapter.1}% 21
\BOOKMARK [1][-]{section.1.1}{\376\377\000N\000o\000t\000a\000s\000\040\000b\000i\000b\000l\000i\000o\000g\000r\000\341\000f\000i\000c\000a\000s}{chapter.1}% 22
\BOOKMARK [1][-]{illustration.1.1}{\376\377\000E\000n\000\040\000e\000l\000\040\000p\000r\000\363\000x\000i\000m\000o\000\040\000c\000a\000p\000\355\000t\000u\000l\000o}{chapter.1}% 23
\BOOKMARK [-1][-]{part.1}{\376\377\000I\000\040\000A\000p\000\351\000n\000d\000i\000c\000e\000s}{}% 24
\BOOKMARK [0][-]{appendix.Alph1}{\376\377\000A\000s\000\355\000\040\000s\000e\000\040\000h\000i\000z\000o\000.\000.\000.}{part.1}% 25
\BOOKMARK [1][-]{section.Alph1.1}{\376\377\000I\000n\000t\000r\000o\000d\000u\000c\000c\000i\000\363\000n}{appendix.Alph1}% 26
\BOOKMARK [-1][-]{appendix*.7}{\376\377\000B\000i\000b\000l\000i\000o\000g\000r\000a\000f\000\357\000\277\000\275\000a}{}% 27
\BOOKMARK [0][-]{section*.8}{\376\377\000L\000i\000s\000t\000a\000\040\000d\000e\000\040\000a\000c\000r\000\363\000n\000i\000m\000o\000s}{appendix*.7}% 28
\BOOKMARK [-1][-]{fin.-1}{\376\377\000F\000i\000n}{}% 29
